<!DOCTYPE html PUBLIC "-//W3C//DTD XHTML 1.1//EN" "https://www.w3.org/TR/xhtml11/DTD/xhtml11.dtd">
<html xmlns="https://www.w3.org/1999/xhtml">
<head>
<meta http-equiv="content-type" content="text/html; charset=UTF-8"/>
<title>TestNG Report</title>
<style type="text/css">table {margin-bottom:10px;border-collapse:collapse;empty-cells:show}th,td {border:1px solid #009;padding:.25em .5em}th {vertical-align:bottom}td {vertical-align:top}table a {font-weight:bold}.stripe td {background-color: #E6EBF9}.num {text-align:right}.passedodd td {background-color: #3F3}.passedeven td {background-color: #0A0}.skippedodd td {background-color: #DDD}.skippedeven td {background-color: #CCC}.failedodd td,.attn {background-color: #F33}.failedeven td,.stripe .attn {background-color: #D00}.stacktrace {white-space:pre;font-family:monospace}.totop {font-size:85%;text-align:center;border-bottom:2px solid #000}.invisible {display:none}</style>
</head>
<body>
<table>
<tr><th>Test</th><th># Passed</th><th># Skipped</th><th># Retried</th><th># Failed</th><th>Time (ms)</th><th>Included Groups</th><th>Excluded Groups</th></tr>
<tr><th colspan="8">Suite</th></tr>
<tr><td><a href="#t0">Test</a></td><td class="num">8</td><td class="num">0</td><td class="num">0</td><td class="num attn">4</td><td class="num">93,619</td><td></td><td></td></tr>
</table>
<table id='summary'><thead><tr><th>Class</th><th>Method</th><th>Start</th><th>Time (ms)</th></tr></thead><tbody><tr><th colspan="4">Suite</th></tr></tbody><tbody id="t0"><tr><th colspan="4">Test &#8212; failed</th></tr><tr class="failedeven"><td rowspan="4">com.saucedemo.interview.mypagestest.ProductPageTestInvalidUser</td><td><a href="#m0">verifyImageStatus</a></td><td rowspan="1">1603009855454</td><td rowspan="1">11621</td></tr><tr class="failedeven"><td><a href="#m1">verifyProductDetailsandAddToCartwithProbUser</a></td><td rowspan="1">1603009846661</td><td rowspan="1">204</td></tr><tr class="failedeven"><td><a href="#m2">verifyProductInCartwithProbUser</a></td><td rowspan="1">1603009847647</td><td rowspan="1">2864</td></tr><tr class="failedeven"><td><a href="#m3">verifySortOperation</a></td><td rowspan="1">1603009850899</td><td rowspan="1">4145</td></tr><tr><th colspan="4">Test &#8212; passed</th></tr><tr class="passedeven"><td rowspan="3">com.saucedemo.interview.mypagestest.LoginTest</td><td><a href="#m4">loginWithoutUserNameandPassword</a></td><td rowspan="1">1603009786384</td><td rowspan="1">591</td></tr><tr class="passedeven"><td><a href="#m5">loginwithInvalidCredentials</a></td><td rowspan="1">1603009786982</td><td rowspan="1">379</td></tr><tr class="passedeven"><td><a href="#m6">loginwithValidCredentials</a></td><td rowspan="1">1603009787365</td><td rowspan="1">5246</td></tr><tr class="passedodd"><td rowspan="1">com.saucedemo.interview.mypagestest.ProductPageTestInvalidUser</td><td><a href="#m7">clicktheProductwithProbUser</a></td><td rowspan="1">1603009840585</td><td rowspan="1">6073</td></tr><tr class="passedeven"><td rowspan="4">com.saucedemo.interview.mypagestest.ProductPageTestValidUser</td><td><a href="#m8">clicktheProduct</a></td><td rowspan="1">1603009810146</td><td rowspan="1">8326</td></tr><tr class="passedeven"><td><a href="#m9">verifyProductDetailsandAddToCart</a></td><td rowspan="1">1603009818475</td><td rowspan="1">149</td></tr><tr class="passedeven"><td><a href="#m10">verifyProductInCart</a></td><td rowspan="1">1603009818626</td><td rowspan="1">2146</td></tr><tr class="passedeven"><td><a href="#m11">verifySortOperation</a></td><td rowspan="1">1603009820774</td><td rowspan="1">4107</td></tr></tbody>
</table>
<h2>Test</h2><h3 id="m0">com.saucedemo.interview.mypagestest.ProductPageTestInvalidUser#verifyImageStatus</h3><table class="result"><tr><th>Exception</th></tr><tr><td><div class="stacktrace">java.lang.AssertionError: expected [true] but found [false]
	at com.saucedemo.interview.mypagestest.ProductPageTestInvalidUser.verifyImageStatus(ProductPageTestInvalidUser.java:60)
	at java.base/java.util.ArrayList.forEach(ArrayList.java:1511)
... Removed 33 stack frames</div></td></tr></table><p class="totop"><a href="#summary">back to summary</a></p>
<h3 id="m1">com.saucedemo.interview.mypagestest.ProductPageTestInvalidUser#verifyProductDetailsandAddToCartwithProbUser</h3><table class="result"><tr><th>Exception</th></tr><tr><td><div class="stacktrace">java.lang.AssertionError: expected [true] but found [false]
	at com.saucedemo.interview.mypagestest.ProductPageTestInvalidUser.verifyProductDetailsandAddToCartwithProbUser(ProductPageTestInvalidUser.java:27)
	at java.base/java.util.ArrayList.forEach(ArrayList.java:1511)
... Removed 33 stack frames</div></td></tr></table><p class="totop"><a href="#summary">back to summary</a></p>
<h3 id="m2">com.saucedemo.interview.mypagestest.ProductPageTestInvalidUser#verifyProductInCartwithProbUser</h3><table class="result"><tr><th>Exception</th></tr><tr><td><div class="stacktrace">java.lang.AssertionError: expected [true] but found [false]
	at com.saucedemo.interview.mypagestest.ProductPageTestInvalidUser.verifyProductInCartwithProbUser(ProductPageTestInvalidUser.java:37)
	at java.base/java.util.ArrayList.forEach(ArrayList.java:1511)
... Removed 33 stack frames</div></td></tr></table><p class="totop"><a href="#summary">back to summary</a></p>
<h3 id="m3">com.saucedemo.interview.mypagestest.ProductPageTestInvalidUser#verifySortOperation</h3><table class="result"><tr><th>Exception</th></tr><tr><td><div class="stacktrace">java.lang.AssertionError: expected [true] but found [false]
	at com.saucedemo.interview.mypagestest.ProductPageTestInvalidUser.verifySortOperation(ProductPageTestInvalidUser.java:50)
	at java.base/java.util.ArrayList.forEach(ArrayList.java:1511)
... Removed 33 stack frames</div></td></tr></table><p class="totop"><a href="#summary">back to summary</a></p>
<h3 id="m4">com.saucedemo.interview.mypagestest.LoginTest#loginWithoutUserNameandPassword</h3><table class="result"><tr><th class="invisible"/></tr></table><p class="totop"><a href="#summary">back to summary</a></p>
<h3 id="m5">com.saucedemo.interview.mypagestest.LoginTest#loginwithInvalidCredentials</h3><table class="result"><tr><th class="invisible"/></tr></table><p class="totop"><a href="#summary">back to summary</a></p>
<h3 id="m6">com.saucedemo.interview.mypagestest.LoginTest#loginwithValidCredentials</h3><table class="result"><tr><th class="invisible"/></tr></table><p class="totop"><a href="#summary">back to summary</a></p>
<h3 id="m7">com.saucedemo.interview.mypagestest.ProductPageTestInvalidUser#clicktheProductwithProbUser</h3><table class="result"><tr><th class="invisible"/></tr></table><p class="totop"><a href="#summary">back to summary</a></p>
<h3 id="m8">com.saucedemo.interview.mypagestest.ProductPageTestValidUser#clicktheProduct</h3><table class="result"><tr><th class="invisible"/></tr></table><p class="totop"><a href="#summary">back to summary</a></p>
<h3 id="m9">com.saucedemo.interview.mypagestest.ProductPageTestValidUser#verifyProductDetailsandAddToCart</h3><table class="result"><tr><th class="invisible"/></tr></table><p class="totop"><a href="#summary">back to summary</a></p>
<h3 id="m10">com.saucedemo.interview.mypagestest.ProductPageTestValidUser#verifyProductInCart</h3><table class="result"><tr><th class="invisible"/></tr></table><p class="totop"><a href="#summary">back to summary</a></p>
<h3 id="m11">com.saucedemo.interview.mypagestest.ProductPageTestValidUser#verifySortOperation</h3><table class="result"><tr><th class="invisible"/></tr></table><p class="totop"><a href="#summary">back to summary</a></p>
</body>
</html>
