<?xml version="1.0" encoding="UTF-8"?>
<!-- Generated by org.testng.reporters.JUnitXMLReporter -->
<testsuite ignored="0" hostname="DESKTOP-C784JLS" failures="4" tests="12" name="Test" time="93.619" errors="0" timestamp="2020-10-18T14:01:09 IST">
  <testcase classname="com.saucedemo.interview.mypagestest.LoginTest" name="loginWithoutUserNameandPassword" time="0.591"/>
  <testcase classname="com.saucedemo.interview.mypagestest.LoginTest" name="loginwithInvalidCredentials" time="0.379"/>
  <testcase classname="com.saucedemo.interview.mypagestest.LoginTest" name="loginwithValidCredentials" time="5.246"/>
  <testcase classname="com.saucedemo.interview.mypagestest.ProductPageTestValidUser" name="clicktheProduct" time="8.326"/>
  <testcase classname="com.saucedemo.interview.mypagestest.ProductPageTestValidUser" name="verifyProductDetailsandAddToCart" time="0.149"/>
  <testcase classname="com.saucedemo.interview.mypagestest.ProductPageTestValidUser" name="verifyProductInCart" time="2.146"/>
  <testcase classname="com.saucedemo.interview.mypagestest.ProductPageTestValidUser" name="verifySortOperation" time="4.107"/>
  <testcase classname="com.saucedemo.interview.mypagestest.ProductPageTestInvalidUser" name="clicktheProductwithProbUser" time="6.073"/>
  <testcase classname="com.saucedemo.interview.mypagestest.ProductPageTestInvalidUser" name="verifyProductDetailsandAddToCartwithProbUser" time="0.204">
    <failure type="java.lang.AssertionError" message="expected [true] but found [false]">
      <![CDATA[java.lang.AssertionError: expected [true] but found [false]
at com.saucedemo.interview.mypagestest.ProductPageTestInvalidUser.verifyProductDetailsandAddToCartwithProbUser(ProductPageTestInvalidUser.java:27)
at java.base/java.util.ArrayList.forEach(ArrayList.java:1511)
... Removed 33 stack frames]]>
    </failure>
  </testcase> <!-- verifyProductDetailsandAddToCartwithProbUser -->
  <testcase classname="com.saucedemo.interview.mypagestest.ProductPageTestInvalidUser" name="verifyProductInCartwithProbUser" time="2.864">
    <failure type="java.lang.AssertionError" message="expected [true] but found [false]">
      <![CDATA[java.lang.AssertionError: expected [true] but found [false]
at com.saucedemo.interview.mypagestest.ProductPageTestInvalidUser.verifyProductInCartwithProbUser(ProductPageTestInvalidUser.java:37)
at java.base/java.util.ArrayList.forEach(ArrayList.java:1511)
... Removed 33 stack frames]]>
    </failure>
  </testcase> <!-- verifyProductInCartwithProbUser -->
  <testcase classname="com.saucedemo.interview.mypagestest.ProductPageTestInvalidUser" name="verifySortOperation" time="4.145">
    <failure type="java.lang.AssertionError" message="expected [true] but found [false]">
      <![CDATA[java.lang.AssertionError: expected [true] but found [false]
at com.saucedemo.interview.mypagestest.ProductPageTestInvalidUser.verifySortOperation(ProductPageTestInvalidUser.java:50)
at java.base/java.util.ArrayList.forEach(ArrayList.java:1511)
... Removed 33 stack frames]]>
    </failure>
  </testcase> <!-- verifySortOperation -->
  <testcase classname="com.saucedemo.interview.mypagestest.ProductPageTestInvalidUser" name="verifyImageStatus" time="11.621">
    <failure type="java.lang.AssertionError" message="expected [true] but found [false]">
      <![CDATA[java.lang.AssertionError: expected [true] but found [false]
at com.saucedemo.interview.mypagestest.ProductPageTestInvalidUser.verifyImageStatus(ProductPageTestInvalidUser.java:60)
at java.base/java.util.ArrayList.forEach(ArrayList.java:1511)
... Removed 33 stack frames]]>
    </failure>
  </testcase> <!-- verifyImageStatus -->
</testsuite> <!-- Test -->
